<?xml version="1.0" encoding="utf-8"?><testsuites><testsuite name="pytest" errors="0" failures="0" skipped="0" tests="8" time="9.138" timestamp="2022-10-23T00:28:42.167030" hostname="MacBook-Pro-3.local"><testcase classname="tests.test_sample" name="test_checkTypeProduct" time="0.040" /><testcase classname="tests.test_sample" name="test_checkTypeBrand" time="0.047" /><testcase classname="tests.test_sample" name="test_edgeCase1_product" time="0.051" /><testcase classname="tests.test_sample" name="test_edgeCase1_brand" time="0.041" /><testcase classname="tests.test_sample" name="test_edgeCase2_product" time="0.045" /><testcase classname="tests.test_sample" name="test_edgeCase2_brand" time="0.041" /><testcase classname="tests.test_sample" name="test_edgeCase3" time="0.001" /><testcase classname="tests.test_sample" name="test_formula" time="0.001" /></testsuite></testsuites>